Started GET "/" for 127.0.0.1 at 2019-07-23 21:42:16 -0400
Processing by Rails::WelcomeController#index as HTML
  Rendering /home/dan/.rvm/gems/ruby-2.6.3/gems/railties-5.2.3/lib/rails/templates/rails/welcome/index.html.erb
  Rendered /home/dan/.rvm/gems/ruby-2.6.3/gems/railties-5.2.3/lib/rails/templates/rails/welcome/index.html.erb (2.5ms)
Completed 200 OK in 16ms (Views: 7.8ms | ActiveRecord: 0.0ms)


Started GET "/" for 127.0.0.1 at 2019-07-23 22:09:16 -0400
Processing by SiteController#index as HTML
  Rendering site/index.html.erb within layouts/application
  Rendered site/index.html.erb within layouts/application (0.3ms)
[Webpacker] Compiling…
[Webpacker] Compiled all packs in /home/dan/Desktop/git/shrapnel/public/packs
Completed 200 OK in 2552ms (Views: 2548.4ms | ActiveRecord: 0.0ms)


Started GET "/" for 127.0.0.1 at 2019-07-23 22:11:01 -0400
Processing by SiteController#index as HTML
  Rendering site/index.html.erb within layouts/application
  Rendered site/index.html.erb within layouts/application (0.2ms)
Completed 200 OK in 11ms (Views: 10.8ms | ActiveRecord: 0.0ms)


Started GET "/" for 127.0.0.1 at 2019-07-23 22:16:26 -0400
Processing by SiteController#index as HTML
  Rendering site/index.html.erb within layouts/application
  Rendered site/index.html.erb within layouts/application (0.3ms)
Completed 200 OK in 670ms (Views: 664.2ms | ActiveRecord: 0.0ms)


Started GET "/" for 127.0.0.1 at 2019-07-23 22:16:32 -0400
Processing by SiteController#index as HTML
  Rendering site/index.html.erb within layouts/application
  Rendered site/index.html.erb within layouts/application (0.2ms)
Completed 200 OK in 15ms (Views: 14.9ms | ActiveRecord: 0.0ms)


Started GET "/" for 127.0.0.1 at 2019-07-23 22:22:46 -0400
Processing by SiteController#index as HTML
  Rendering site/index.html.erb within layouts/application
  Rendered site/index.html.erb within layouts/application (0.3ms)
[Webpacker] Compiling…
[Webpacker] Compiled all packs in /home/dan/Desktop/git/shrapnel/public/packs
Completed 200 OK in 7041ms (Views: 7038.0ms | ActiveRecord: 0.0ms)


  [1m[35m (0.1ms)[0m  [1m[34mSELECT sqlite_version(*)[0m
  ↳ /home/dan/.rvm/gems/ruby-2.6.3/bin/rake:23
  [1m[35m (15.4ms)[0m  [1m[35mCREATE TABLE "schema_migrations" ("version" varchar NOT NULL PRIMARY KEY)[0m
  ↳ /home/dan/.rvm/gems/ruby-2.6.3/bin/rake:23
  [1m[35m (2.1ms)[0m  [1m[35mCREATE TABLE "ar_internal_metadata" ("key" varchar NOT NULL PRIMARY KEY, "value" varchar, "created_at" datetime NOT NULL, "updated_at" datetime NOT NULL)[0m
  ↳ /home/dan/.rvm/gems/ruby-2.6.3/bin/rake:23
  [1m[35m (0.1ms)[0m  [1m[34mSELECT "schema_migrations"."version" FROM "schema_migrations" ORDER BY "schema_migrations"."version" ASC[0m
  ↳ /home/dan/.rvm/gems/ruby-2.6.3/bin/rake:23
Migrating to CreateIssues (20190725025946)
  [1m[35m (0.0ms)[0m  [1m[36mbegin transaction[0m
  ↳ /home/dan/.rvm/gems/ruby-2.6.3/bin/rake:23
  [1m[35m (0.5ms)[0m  [1m[35mCREATE TABLE "issues" ("id" integer PRIMARY KEY AUTOINCREMENT NOT NULL, "issue_type" varchar(32) NOT NULL, "subject" varchar(32) NOT NULL, "description" text, "issue_status" varchar NOT NULL, "assignee" varchar, "estimate" integer, "due_date" date, "created_at" datetime NOT NULL, "updated_at" datetime NOT NULL)[0m
  ↳ db/migrate/20190725025946_create_issues.rb:3
  [1m[36mActiveRecord::SchemaMigration Create (0.1ms)[0m  [1m[32mINSERT INTO "schema_migrations" ("version") VALUES (?)[0m  [["version", "20190725025946"]]
  ↳ /home/dan/.rvm/gems/ruby-2.6.3/bin/rake:23
  [1m[35m (6.3ms)[0m  [1m[36mcommit transaction[0m
  ↳ /home/dan/.rvm/gems/ruby-2.6.3/bin/rake:23
  [1m[36mActiveRecord::InternalMetadata Load (0.1ms)[0m  [1m[34mSELECT  "ar_internal_metadata".* FROM "ar_internal_metadata" WHERE "ar_internal_metadata"."key" = ? LIMIT ?[0m  [["key", "environment"], ["LIMIT", 1]]
  ↳ /home/dan/.rvm/gems/ruby-2.6.3/bin/rake:23
  [1m[35m (0.0ms)[0m  [1m[36mbegin transaction[0m
  ↳ /home/dan/.rvm/gems/ruby-2.6.3/bin/rake:23
  [1m[36mActiveRecord::InternalMetadata Create (1.7ms)[0m  [1m[32mINSERT INTO "ar_internal_metadata" ("key", "value", "created_at", "updated_at") VALUES (?, ?, ?, ?)[0m  [["key", "environment"], ["value", "development"], ["created_at", "2019-07-25 03:08:57.805692"], ["updated_at", "2019-07-25 03:08:57.805692"]]
  ↳ /home/dan/.rvm/gems/ruby-2.6.3/bin/rake:23
  [1m[35m (2.7ms)[0m  [1m[36mcommit transaction[0m
  ↳ /home/dan/.rvm/gems/ruby-2.6.3/bin/rake:23
  [1m[35m (0.1ms)[0m  [1m[34mSELECT "schema_migrations"."version" FROM "schema_migrations" ORDER BY "schema_migrations"."version" ASC[0m
  ↳ /home/dan/.rvm/gems/ruby-2.6.3/bin/rake:23
